build/app/intermediates/manifest_merge_blame_file/release/manifest-merger-blame-release-report.txt
1<?xml version="1.0" encoding="utf-8"?>
2<manifest xmlns:android="http://schemas.android.com/apk/res/android"
3    package="com.setoo.mobj"
4    android:versionCode="1"
5    android:versionName="1.0.0" >
6
7    <uses-sdk
8        android:minSdkVersion="21"
8-->src/main/AndroidManifest.xml
9        android:targetSdkVersion="33" />
9-->src/main/AndroidManifest.xml
10
11    <uses-permission android:name="android.permission.INTERNET" />
11-->src/main/AndroidManifest.xml:2:5-67
11-->src/main/AndroidManifest.xml:2:22-64
12    <uses-permission android:name="android.permission.ACCESS_NETWORK_STATE" />
12-->src/main/AndroidManifest.xml:3:5-79
12-->src/main/AndroidManifest.xml:3:22-76
13    <uses-permission android:name="android.permission.ACCESS_FINE_LOCATION" />
13-->src/main/AndroidManifest.xml:4:5-79
13-->src/main/AndroidManifest.xml:4:22-76
14    <uses-permission android:name="android.permission.ACCESS_COARSE_LOCATION" />
14-->src/main/AndroidManifest.xml:5:5-81
14-->src/main/AndroidManifest.xml:5:22-78
15
16    <queries>
16-->src/main/AndroidManifest.xml:6:5-31:15
17
18        <!-- If your app opens https URLs -->
19        <intent>
19-->src/main/AndroidManifest.xml:8:9-11:18
20            <action android:name="android.intent.action.VIEW" />
20-->src/main/AndroidManifest.xml:9:13-65
20-->src/main/AndroidManifest.xml:9:21-62
21
22            <data android:scheme="https" />
22-->src/main/AndroidManifest.xml:10:13-44
22-->src/main/AndroidManifest.xml:10:19-41
23        </intent>
24        <intent>
24-->src/main/AndroidManifest.xml:12:9-14:18
25            <action android:name="android.media.browse.MediaBrowserService" />
25-->src/main/AndroidManifest.xml:13:13-79
25-->src/main/AndroidManifest.xml:13:21-76
26        </intent>
27        <!-- If your app makes calls -->
28        <intent>
28-->src/main/AndroidManifest.xml:16:9-19:18
29            <action android:name="android.intent.action.DIAL" />
29-->src/main/AndroidManifest.xml:17:13-65
29-->src/main/AndroidManifest.xml:17:21-62
30
31            <data android:scheme="tel" />
31-->src/main/AndroidManifest.xml:10:13-44
31-->src/main/AndroidManifest.xml:10:19-41
32        </intent>
33        <!-- If your app emails -->
34        <intent>
34-->src/main/AndroidManifest.xml:21:9-24:18
35            <action android:name="android.intent.action.VIEW" />
35-->src/main/AndroidManifest.xml:9:13-65
35-->src/main/AndroidManifest.xml:9:21-62
36
37            <data android:scheme="sms" />
37-->src/main/AndroidManifest.xml:10:13-44
37-->src/main/AndroidManifest.xml:10:19-41
38        </intent>
39        <!-- If your app checks for call support -->
40
41        <intent>
41-->src/main/AndroidManifest.xml:27:9-30:18
42            <action android:name="android.intent.action.SEND" />
42-->src/main/AndroidManifest.xml:28:13-65
42-->src/main/AndroidManifest.xml:28:21-62
43
44            <data android:mimeType="*/*" />
44-->src/main/AndroidManifest.xml:10:13-44
44-->src/main/AndroidManifest.xml:29:19-41
45        </intent>
46        <intent>
46-->[:file_picker] AndroidManifest.xml:12:9-16:18
47            <action android:name="android.intent.action.GET_CONTENT" />
47-->[:file_picker] AndroidManifest.xml:13:13-72
47-->[:file_picker] AndroidManifest.xml:13:21-69
48
49            <data android:mimeType="*/*" />
49-->src/main/AndroidManifest.xml:10:13-44
49-->src/main/AndroidManifest.xml:29:19-41
50        </intent>
51        <intent>
51-->[com.razorpay:checkout:1.6.36] AndroidManifest.xml:11:9-17:18
52            <action android:name="android.intent.action.VIEW" />
52-->src/main/AndroidManifest.xml:9:13-65
52-->src/main/AndroidManifest.xml:9:21-62
53
54            <data
54-->src/main/AndroidManifest.xml:10:13-44
55                android:mimeType="*/*"
55-->src/main/AndroidManifest.xml:29:19-41
56                android:scheme="*" />
56-->src/main/AndroidManifest.xml:10:19-41
57        </intent>
58        <intent>
58-->[com.razorpay:checkout:1.6.36] AndroidManifest.xml:18:9-27:18
59            <action android:name="android.intent.action.VIEW" />
59-->src/main/AndroidManifest.xml:9:13-65
59-->src/main/AndroidManifest.xml:9:21-62
60
61            <category android:name="android.intent.category.BROWSABLE" />
61-->src/main/AndroidManifest.xml:69:17-78
61-->src/main/AndroidManifest.xml:69:27-75
62
63            <data
63-->src/main/AndroidManifest.xml:10:13-44
64                android:host="pay"
64-->src/main/AndroidManifest.xml:70:46-76
65                android:mimeType="*/*"
65-->src/main/AndroidManifest.xml:29:19-41
66                android:scheme="upi" />
66-->src/main/AndroidManifest.xml:10:19-41
67        </intent>
68        <intent>
68-->[com.razorpay:checkout:1.6.36] AndroidManifest.xml:28:9-30:18
69            <action android:name="android.intent.action.MAIN" />
69-->src/main/AndroidManifest.xml:59:17-68
69-->src/main/AndroidManifest.xml:59:25-66
70        </intent>
71        <intent>
71-->[com.razorpay:checkout:1.6.36] AndroidManifest.xml:36:9-38:18
72            <action android:name="rzp.device_token.share" />
72-->[com.razorpay:checkout:1.6.36] AndroidManifest.xml:37:13-61
72-->[com.razorpay:checkout:1.6.36] AndroidManifest.xml:37:21-58
73        </intent>
74
75        <package android:name="com.phonepe.app" />
75-->[phonepe.intentsdk.android.release:IntentSDK:2.4.1] AndroidManifest.xml:8:9-51
75-->[phonepe.intentsdk.android.release:IntentSDK:2.4.1] AndroidManifest.xml:8:18-48
76        <package android:name="com.phonepe.app.preprod" />
76-->[phonepe.intentsdk.android.release:IntentSDK:2.4.1] AndroidManifest.xml:9:9-59
76-->[phonepe.intentsdk.android.release:IntentSDK:2.4.1] AndroidManifest.xml:9:18-56
77        <package android:name="com.phonepe.simulator" />
77-->[phonepe.intentsdk.android.release:IntentSDK:2.4.1] AndroidManifest.xml:10:9-57
77-->[phonepe.intentsdk.android.release:IntentSDK:2.4.1] AndroidManifest.xml:10:18-54
78        <package android:name="com.phonepe.simulator.debug" />
78-->[phonepe.intentsdk.android.release:IntentSDK:2.4.1] AndroidManifest.xml:11:9-63
78-->[phonepe.intentsdk.android.release:IntentSDK:2.4.1] AndroidManifest.xml:11:18-60
79
80        <intent>
80-->[phonepe.intentsdk.android.release:IntentSDK:2.4.1] AndroidManifest.xml:13:9-19:18
81            <action android:name="android.intent.action.VIEW" />
81-->src/main/AndroidManifest.xml:9:13-65
81-->src/main/AndroidManifest.xml:9:21-62
82
83            <data
83-->src/main/AndroidManifest.xml:10:13-44
84                android:host="pay"
84-->src/main/AndroidManifest.xml:70:46-76
85                android:scheme="upi" />
85-->src/main/AndroidManifest.xml:10:19-41
86        </intent>
87        <intent>
87-->[phonepe.intentsdk.android.release:IntentSDK:2.4.1] AndroidManifest.xml:20:9-26:18
88            <action android:name="android.intent.action.VIEW" />
88-->src/main/AndroidManifest.xml:9:13-65
88-->src/main/AndroidManifest.xml:9:21-62
89
90            <data
90-->src/main/AndroidManifest.xml:10:13-44
91                android:host="upi"
91-->src/main/AndroidManifest.xml:70:46-76
92                android:scheme="mandate" />
92-->src/main/AndroidManifest.xml:10:19-41
93        </intent>
94    </queries>
95
96    <uses-permission android:name="android.permission.WAKE_LOCK" /> <!-- Permissions options for the `notification` group -->
96-->[:firebase_messaging] AndroidManifest.xml:10:5-68
96-->[:firebase_messaging] AndroidManifest.xml:10:22-65
97    <uses-permission android:name="android.permission.POST_NOTIFICATIONS" />
97-->[:firebase_messaging] AndroidManifest.xml:13:5-77
97-->[:firebase_messaging] AndroidManifest.xml:13:22-74
98    <uses-permission android:name="android.permission.RECEIVE_BOOT_COMPLETED" />
98-->[:flutter_local_notifications] AndroidManifest.xml:9:5-81
98-->[:flutter_local_notifications] AndroidManifest.xml:9:22-78
99    <uses-permission android:name="android.permission.VIBRATE" />
99-->[:flutter_local_notifications] AndroidManifest.xml:10:5-66
99-->[:flutter_local_notifications] AndroidManifest.xml:10:22-63
100    <uses-permission android:name="android.permission.USE_FULL_SCREEN_INTENT" />
100-->[:flutter_local_notifications] AndroidManifest.xml:11:5-81
100-->[:flutter_local_notifications] AndroidManifest.xml:11:22-78
101    <uses-permission android:name="android.permission.SCHEDULE_EXACT_ALARM" />
101-->[:flutter_local_notifications] AndroidManifest.xml:12:5-79
101-->[:flutter_local_notifications] AndroidManifest.xml:12:22-76
102    <uses-permission android:name="android.permission.READ_EXTERNAL_STORAGE" />
102-->[:file_picker] AndroidManifest.xml:9:5-80
102-->[:file_picker] AndroidManifest.xml:9:22-77
103
104    <meta-data
104-->[phonepe.intentsdk.android.release:IntentSDK:2.4.1] AndroidManifest.xml:32:5-34:32
105        android:name="android.webkit.WebView.EnableSafeBrowsing"
105-->[phonepe.intentsdk.android.release:IntentSDK:2.4.1] AndroidManifest.xml:33:9-65
106        android:value="true" /> <!-- Required by older versions of Google Play services to create IID tokens -->
106-->[phonepe.intentsdk.android.release:IntentSDK:2.4.1] AndroidManifest.xml:34:9-29
107    <uses-permission android:name="com.google.android.c2dm.permission.RECEIVE" />
107-->[com.google.firebase:firebase-messaging:23.2.1] AndroidManifest.xml:26:5-82
107-->[com.google.firebase:firebase-messaging:23.2.1] AndroidManifest.xml:26:22-79
108
109    <uses-feature
109-->[com.google.android.gms:play-services-maps:17.0.0] AndroidManifest.xml:26:5-28:35
110        android:glEsVersion="0x00020000"
110-->[com.google.android.gms:play-services-maps:17.0.0] AndroidManifest.xml:27:9-41
111        android:required="true" />
111-->[com.google.android.gms:play-services-maps:17.0.0] AndroidManifest.xml:28:9-32
112
113    <uses-permission android:name="com.google.android.gms.permission.AD_ID" />
113-->[com.google.android.gms:play-services-measurement-api:21.3.0] AndroidManifest.xml:25:5-79
113-->[com.google.android.gms:play-services-measurement-api:21.3.0] AndroidManifest.xml:25:22-76
114    <uses-permission android:name="com.google.android.finsky.permission.BIND_GET_INSTALL_REFERRER_SERVICE" />
114-->[com.google.android.gms:play-services-measurement:21.3.0] AndroidManifest.xml:26:5-110
114-->[com.google.android.gms:play-services-measurement:21.3.0] AndroidManifest.xml:26:22-107
115
116    <permission
116-->[androidx.core:core:1.10.1] AndroidManifest.xml:22:5-24:47
117        android:name="com.setoo.mobj.DYNAMIC_RECEIVER_NOT_EXPORTED_PERMISSION"
117-->[androidx.core:core:1.10.1] AndroidManifest.xml:23:9-81
118        android:protectionLevel="signature" />
118-->[androidx.core:core:1.10.1] AndroidManifest.xml:24:9-44
119
120    <uses-permission android:name="com.setoo.mobj.DYNAMIC_RECEIVER_NOT_EXPORTED_PERMISSION" />
120-->[androidx.core:core:1.10.1] AndroidManifest.xml:26:5-97
120-->[androidx.core:core:1.10.1] AndroidManifest.xml:26:22-94
121
122    <application
123        android:name="android.app.Application"
123-->src/main/AndroidManifest.xml:34:9-42
124        android:appComponentFactory="androidx.core.app.CoreComponentFactory"
124-->[androidx.core:core:1.10.1] AndroidManifest.xml:28:18-86
125        android:icon="@mipmap/ic_launcher"
125-->src/main/AndroidManifest.xml:35:9-43
126        android:label="P.Y.Vaidya" >
126-->src/main/AndroidManifest.xml:33:9-35
127        <activity
127-->src/main/AndroidManifest.xml:36:9-72:20
128            android:name="com.example.mobj_project.MainActivity"
128-->src/main/AndroidManifest.xml:37:13-41
129            android:configChanges="orientation|keyboardHidden|keyboard|screenSize|smallestScreenSize|locale|layoutDirection|fontScale|screenLayout|density|uiMode"
129-->src/main/AndroidManifest.xml:41:13-163
130            android:exported="true"
130-->src/main/AndroidManifest.xml:38:13-36
131            android:hardwareAccelerated="true"
131-->src/main/AndroidManifest.xml:42:13-47
132            android:launchMode="singleTop"
132-->src/main/AndroidManifest.xml:39:13-43
133            android:theme="@style/LaunchTheme"
133-->src/main/AndroidManifest.xml:40:13-47
134            android:windowSoftInputMode="adjustResize" >
134-->src/main/AndroidManifest.xml:43:13-55
135
136            <!--
137                 Specifies an Android theme to apply to this Activity as soon as
138                 the Android process has started. This theme is visible to the user
139                 while the Flutter UI initializes. After that, this theme continues
140                 to determine the Window background behind the Flutter UI.
141            -->
142            <meta-data
142-->src/main/AndroidManifest.xml:48:13-50:50
143                android:name="com.google.android.gms.signin.CLIENT_ID"
143-->src/main/AndroidManifest.xml:49:17-71
144                android:value="YOUR_CLIENT_ID" />
144-->src/main/AndroidManifest.xml:50:17-47
145            <meta-data
145-->src/main/AndroidManifest.xml:51:13-54:17
146                android:name="io.flutter.embedding.android.NormalTheme"
146-->src/main/AndroidManifest.xml:52:15-70
147                android:resource="@style/NormalTheme" />
147-->src/main/AndroidManifest.xml:53:15-52
148            <meta-data
148-->src/main/AndroidManifest.xml:55:13-57:49
149                android:name="com.google.firebase.messaging.default_notification_channel_id"
149-->src/main/AndroidManifest.xml:56:17-93
150                android:value="mobjappchannel" />
150-->src/main/AndroidManifest.xml:57:17-47
151
152            <intent-filter>
152-->src/main/AndroidManifest.xml:58:13-61:29
153                <action android:name="android.intent.action.MAIN" />
153-->src/main/AndroidManifest.xml:59:17-68
153-->src/main/AndroidManifest.xml:59:25-66
154
155                <category android:name="android.intent.category.LAUNCHER" />
155-->src/main/AndroidManifest.xml:60:17-76
155-->src/main/AndroidManifest.xml:60:27-74
156            </intent-filter>
157
158            <meta-data
158-->src/main/AndroidManifest.xml:62:13-90
159                android:name="flutter_deeplinking_enabled"
159-->src/main/AndroidManifest.xml:62:24-66
160                android:value="true" />
160-->src/main/AndroidManifest.xml:62:67-87
161            <meta-data
161-->src/main/AndroidManifest.xml:63:13-91
162                android:name="com.phonepe.android.sdk.isUAT"
162-->src/main/AndroidManifest.xml:63:24-68
163                android:value="true" />
163-->src/main/AndroidManifest.xml:63:69-89
164            <meta-data
164-->src/main/AndroidManifest.xml:64:13-97
165                android:name="com.phonepe.android.sdk.isSimulator"
165-->src/main/AndroidManifest.xml:64:24-74
166                android:value="true" />
166-->src/main/AndroidManifest.xml:64:75-95
167            <meta-data
167-->src/main/AndroidManifest.xml:65:13-104
168                android:name="com.phonepe.android.sdk.MerchantId"
168-->src/main/AndroidManifest.xml:65:24-73
169                android:value="PGTESTPAYUAT" />
169-->src/main/AndroidManifest.xml:65:74-102
170
171            <intent-filter>
171-->src/main/AndroidManifest.xml:66:13-71:29
172                <action android:name="android.intent.action.VIEW" />
172-->src/main/AndroidManifest.xml:9:13-65
172-->src/main/AndroidManifest.xml:9:21-62
173
174                <category android:name="android.intent.category.DEFAULT" />
174-->src/main/AndroidManifest.xml:68:17-76
174-->src/main/AndroidManifest.xml:68:27-73
175                <category android:name="android.intent.category.BROWSABLE" />
175-->src/main/AndroidManifest.xml:69:17-78
175-->src/main/AndroidManifest.xml:69:27-75
176
177                <data
177-->src/main/AndroidManifest.xml:10:13-44
178                    android:host="setoo.page.link"
178-->src/main/AndroidManifest.xml:70:46-76
179                    android:scheme="https" />
179-->src/main/AndroidManifest.xml:10:19-41
180            </intent-filter>
181        </activity>
182        <!--
183             Don't delete the meta-data below.
184             This is used by the Flutter tool to generate GeneratedPluginRegistrant.java
185        -->
186        <meta-data
186-->src/main/AndroidManifest.xml:75:9-77:33
187            android:name="flutterEmbedding"
187-->src/main/AndroidManifest.xml:76:13-44
188            android:value="2" />
188-->src/main/AndroidManifest.xml:77:13-30
189
190        <!-- <meta-data android:name="com.phonepe.android.sdk.AppId" android:value="appId"/> -->
191
192        <activity
192-->src/main/AndroidManifest.xml:81:9-84:71
193            android:name="com.yalantis.ucrop.UCropActivity"
193-->src/main/AndroidManifest.xml:82:13-60
194            android:screenOrientation="portrait"
194-->src/main/AndroidManifest.xml:83:13-49
195            android:theme="@style/Theme.AppCompat.Light.NoActionBar" />
195-->src/main/AndroidManifest.xml:84:13-69
196
197        <service
197-->[:firebase_messaging] AndroidManifest.xml:16:9-19:72
198            android:name="io.flutter.plugins.firebase.messaging.FlutterFirebaseMessagingBackgroundService"
198-->[:firebase_messaging] AndroidManifest.xml:17:13-107
199            android:exported="false"
199-->[:firebase_messaging] AndroidManifest.xml:18:13-37
200            android:permission="android.permission.BIND_JOB_SERVICE" />
200-->[:firebase_messaging] AndroidManifest.xml:19:13-69
201        <service
201-->[:firebase_messaging] AndroidManifest.xml:20:9-26:19
202            android:name="io.flutter.plugins.firebase.messaging.FlutterFirebaseMessagingService"
202-->[:firebase_messaging] AndroidManifest.xml:21:13-97
203            android:exported="false" >
203-->[:firebase_messaging] AndroidManifest.xml:22:13-37
204            <intent-filter>
204-->[:firebase_messaging] AndroidManifest.xml:23:13-25:29
205                <action android:name="com.google.firebase.MESSAGING_EVENT" />
205-->[:firebase_messaging] AndroidManifest.xml:24:17-78
205-->[:firebase_messaging] AndroidManifest.xml:24:25-75
206            </intent-filter>
207        </service>
208
209        <receiver
209-->[:firebase_messaging] AndroidManifest.xml:28:9-35:20
210            android:name="io.flutter.plugins.firebase.messaging.FlutterFirebaseMessagingReceiver"
210-->[:firebase_messaging] AndroidManifest.xml:29:13-98
211            android:exported="true"
211-->[:firebase_messaging] AndroidManifest.xml:30:13-36
212            android:permission="com.google.android.c2dm.permission.SEND" >
212-->[:firebase_messaging] AndroidManifest.xml:31:13-73
213            <intent-filter>
213-->[:firebase_messaging] AndroidManifest.xml:32:13-34:29
214                <action android:name="com.google.android.c2dm.intent.RECEIVE" />
214-->[:firebase_messaging] AndroidManifest.xml:33:17-81
214-->[:firebase_messaging] AndroidManifest.xml:33:25-78
215            </intent-filter>
216        </receiver>
217
218        <service
218-->[:firebase_messaging] AndroidManifest.xml:37:9-41:19
219            android:name="com.google.firebase.components.ComponentDiscoveryService"
219-->[:firebase_messaging] AndroidManifest.xml:37:18-89
220            android:directBootAware="true"
220-->[com.google.firebase:firebase-common:20.3.3] AndroidManifest.xml:34:13-43
221            android:exported="false" >
221-->[com.google.firebase:firebase-analytics-ktx:21.3.0] AndroidManifest.xml:10:13-37
222            <meta-data
222-->[:firebase_messaging] AndroidManifest.xml:38:13-40:85
223                android:name="com.google.firebase.components:io.flutter.plugins.firebase.messaging.FlutterFirebaseAppRegistrar"
223-->[:firebase_messaging] AndroidManifest.xml:39:17-128
224                android:value="com.google.firebase.components.ComponentRegistrar" />
224-->[:firebase_messaging] AndroidManifest.xml:40:17-82
225            <meta-data
225-->[:firebase_dynamic_links] AndroidManifest.xml:13:13-15:85
226                android:name="com.google.firebase.components:io.flutter.plugins.firebase.dynamiclinks.FlutterFirebaseAppRegistrar"
226-->[:firebase_dynamic_links] AndroidManifest.xml:14:17-131
227                android:value="com.google.firebase.components.ComponentRegistrar" />
227-->[:firebase_dynamic_links] AndroidManifest.xml:15:17-82
228            <meta-data
228-->[:firebase_auth] AndroidManifest.xml:11:13-13:85
229                android:name="com.google.firebase.components:io.flutter.plugins.firebase.auth.FlutterFirebaseAuthRegistrar"
229-->[:firebase_auth] AndroidManifest.xml:12:17-124
230                android:value="com.google.firebase.components.ComponentRegistrar" />
230-->[:firebase_auth] AndroidManifest.xml:13:17-82
231            <meta-data
231-->[:firebase_core] AndroidManifest.xml:11:13-13:85
232                android:name="com.google.firebase.components:io.flutter.plugins.firebase.core.FlutterFirebaseCoreRegistrar"
232-->[:firebase_core] AndroidManifest.xml:12:17-124
233                android:value="com.google.firebase.components.ComponentRegistrar" />
233-->[:firebase_core] AndroidManifest.xml:13:17-82
234            <meta-data
234-->[com.google.firebase:firebase-analytics-ktx:21.3.0] AndroidManifest.xml:11:13-13:85
235                android:name="com.google.firebase.components:com.google.firebase.analytics.ktx.FirebaseAnalyticsKtxRegistrar"
235-->[com.google.firebase:firebase-analytics-ktx:21.3.0] AndroidManifest.xml:12:17-126
236                android:value="com.google.firebase.components.ComponentRegistrar" />
236-->[com.google.firebase:firebase-analytics-ktx:21.3.0] AndroidManifest.xml:13:17-82
237            <meta-data
237-->[com.google.firebase:firebase-common-ktx:20.3.3] AndroidManifest.xml:14:13-16:85
238                android:name="com.google.firebase.components:com.google.firebase.ktx.FirebaseCommonKtxRegistrar"
238-->[com.google.firebase:firebase-common-ktx:20.3.3] AndroidManifest.xml:15:17-113
239                android:value="com.google.firebase.components.ComponentRegistrar" />
239-->[com.google.firebase:firebase-common-ktx:20.3.3] AndroidManifest.xml:16:17-82
240            <meta-data
240-->[com.google.firebase:firebase-auth:22.1.1] AndroidManifest.xml:69:13-71:85
241                android:name="com.google.firebase.components:com.google.firebase.auth.FirebaseAuthRegistrar"
241-->[com.google.firebase:firebase-auth:22.1.1] AndroidManifest.xml:70:17-109
242                android:value="com.google.firebase.components.ComponentRegistrar" />
242-->[com.google.firebase:firebase-auth:22.1.1] AndroidManifest.xml:71:17-82
243            <meta-data
243-->[com.google.firebase:firebase-messaging:23.2.1] AndroidManifest.xml:53:13-55:85
244                android:name="com.google.firebase.components:com.google.firebase.messaging.FirebaseMessagingRegistrar"
244-->[com.google.firebase:firebase-messaging:23.2.1] AndroidManifest.xml:54:17-119
245                android:value="com.google.firebase.components.ComponentRegistrar" />
245-->[com.google.firebase:firebase-messaging:23.2.1] AndroidManifest.xml:55:17-82
246            <meta-data
246-->[com.google.firebase:firebase-dynamic-links:21.1.0] AndroidManifest.xml:26:13-28:85
247                android:name="com.google.firebase.components:com.google.firebase.dynamiclinks.internal.FirebaseDynamicLinkRegistrar"
247-->[com.google.firebase:firebase-dynamic-links:21.1.0] AndroidManifest.xml:27:17-133
248                android:value="com.google.firebase.components.ComponentRegistrar" />
248-->[com.google.firebase:firebase-dynamic-links:21.1.0] AndroidManifest.xml:28:17-82
249            <meta-data
249-->[com.google.firebase:firebase-iid:21.1.0] AndroidManifest.xml:32:13-34:85
250                android:name="com.google.firebase.components:com.google.firebase.iid.Registrar"
250-->[com.google.firebase:firebase-iid:21.1.0] AndroidManifest.xml:33:17-96
251                android:value="com.google.firebase.components.ComponentRegistrar" />
251-->[com.google.firebase:firebase-iid:21.1.0] AndroidManifest.xml:34:17-82
252            <meta-data
252-->[com.google.android.gms:play-services-measurement-api:21.3.0] AndroidManifest.xml:31:13-33:85
253                android:name="com.google.firebase.components:com.google.firebase.analytics.connector.internal.AnalyticsConnectorRegistrar"
253-->[com.google.android.gms:play-services-measurement-api:21.3.0] AndroidManifest.xml:32:17-139
254                android:value="com.google.firebase.components.ComponentRegistrar" />
254-->[com.google.android.gms:play-services-measurement-api:21.3.0] AndroidManifest.xml:33:17-82
255            <meta-data
255-->[com.google.firebase:firebase-installations:17.1.4] AndroidManifest.xml:15:13-17:85
256                android:name="com.google.firebase.components:com.google.firebase.installations.FirebaseInstallationsRegistrar"
256-->[com.google.firebase:firebase-installations:17.1.4] AndroidManifest.xml:16:17-127
257                android:value="com.google.firebase.components.ComponentRegistrar" />
257-->[com.google.firebase:firebase-installations:17.1.4] AndroidManifest.xml:17:17-82
258            <meta-data
258-->[com.google.firebase:firebase-datatransport:18.1.7] AndroidManifest.xml:27:13-29:85
259                android:name="com.google.firebase.components:com.google.firebase.datatransport.TransportRegistrar"
259-->[com.google.firebase:firebase-datatransport:18.1.7] AndroidManifest.xml:28:17-115
260                android:value="com.google.firebase.components.ComponentRegistrar" />
260-->[com.google.firebase:firebase-datatransport:18.1.7] AndroidManifest.xml:29:17-82
261        </service>
262
263        <provider
263-->[:firebase_messaging] AndroidManifest.xml:43:9-47:38
264            android:name="io.flutter.plugins.firebase.messaging.FlutterFirebaseMessagingInitProvider"
264-->[:firebase_messaging] AndroidManifest.xml:44:13-102
265            android:authorities="com.setoo.mobj.flutterfirebasemessaginginitprovider"
265-->[:firebase_messaging] AndroidManifest.xml:45:13-88
266            android:exported="false"
266-->[:firebase_messaging] AndroidManifest.xml:46:13-37
267            android:initOrder="99" />
267-->[:firebase_messaging] AndroidManifest.xml:47:13-35
268
269        <service
269-->[:geolocator_android] AndroidManifest.xml:10:9-14:56
270            android:name="com.baseflow.geolocator.GeolocatorLocationService"
270-->[:geolocator_android] AndroidManifest.xml:11:13-77
271            android:enabled="true"
271-->[:geolocator_android] AndroidManifest.xml:12:13-35
272            android:exported="false"
272-->[:geolocator_android] AndroidManifest.xml:13:13-37
273            android:foregroundServiceType="location" />
273-->[:geolocator_android] AndroidManifest.xml:14:13-53
274
275        <receiver
275-->[:flutter_local_notifications] AndroidManifest.xml:16:9-18:40
276            android:name="com.dexterous.flutterlocalnotifications.ScheduledNotificationReceiver"
276-->[:flutter_local_notifications] AndroidManifest.xml:17:13-97
277            android:exported="false" />
277-->[:flutter_local_notifications] AndroidManifest.xml:18:13-37
278        <receiver
278-->[:flutter_local_notifications] AndroidManifest.xml:19:9-28:20
279            android:name="com.dexterous.flutterlocalnotifications.ScheduledNotificationBootReceiver"
279-->[:flutter_local_notifications] AndroidManifest.xml:20:13-101
280            android:exported="false" >
280-->[:flutter_local_notifications] AndroidManifest.xml:21:13-37
281            <intent-filter>
281-->[:flutter_local_notifications] AndroidManifest.xml:22:13-27:29
282                <action android:name="android.intent.action.BOOT_COMPLETED" />
282-->[:flutter_local_notifications] AndroidManifest.xml:23:17-79
282-->[:flutter_local_notifications] AndroidManifest.xml:23:25-76
283                <action android:name="android.intent.action.MY_PACKAGE_REPLACED" />
283-->[:flutter_local_notifications] AndroidManifest.xml:24:17-84
283-->[:flutter_local_notifications] AndroidManifest.xml:24:25-81
284                <action android:name="android.intent.action.QUICKBOOT_POWERON" />
284-->[:flutter_local_notifications] AndroidManifest.xml:25:17-82
284-->[:flutter_local_notifications] AndroidManifest.xml:25:25-79
285                <action android:name="com.htc.intent.action.QUICKBOOT_POWERON" />
285-->[:flutter_local_notifications] AndroidManifest.xml:26:17-82
285-->[:flutter_local_notifications] AndroidManifest.xml:26:25-79
286            </intent-filter>
287        </receiver>
288
289        <provider
289-->[:share_plus] AndroidManifest.xml:10:9-18:20
290            android:name="dev.fluttercommunity.plus.share.ShareFileProvider"
290-->[:share_plus] AndroidManifest.xml:11:13-77
291            android:authorities="com.setoo.mobj.flutter.share_provider"
291-->[:share_plus] AndroidManifest.xml:12:13-74
292            android:exported="false"
292-->[:share_plus] AndroidManifest.xml:13:13-37
293            android:grantUriPermissions="true" >
293-->[:share_plus] AndroidManifest.xml:14:13-47
294            <meta-data
294-->[:share_plus] AndroidManifest.xml:15:13-17:68
295                android:name="android.support.FILE_PROVIDER_PATHS"
295-->[:share_plus] AndroidManifest.xml:16:17-67
296                android:resource="@xml/flutter_share_file_paths" />
296-->[:share_plus] AndroidManifest.xml:17:17-65
297        </provider>
298        <provider
298-->[:image_picker_android] AndroidManifest.xml:10:9-18:20
299            android:name="io.flutter.plugins.imagepicker.ImagePickerFileProvider"
299-->[:image_picker_android] AndroidManifest.xml:11:13-82
300            android:authorities="com.setoo.mobj.flutter.image_provider"
300-->[:image_picker_android] AndroidManifest.xml:12:13-74
301            android:exported="false"
301-->[:image_picker_android] AndroidManifest.xml:13:13-37
302            android:grantUriPermissions="true" >
302-->[:image_picker_android] AndroidManifest.xml:14:13-47
303            <meta-data
303-->[:share_plus] AndroidManifest.xml:15:13-17:68
304                android:name="android.support.FILE_PROVIDER_PATHS"
304-->[:share_plus] AndroidManifest.xml:16:17-67
305                android:resource="@xml/flutter_image_picker_file_paths" />
305-->[:share_plus] AndroidManifest.xml:17:17-65
306        </provider>
307
308        <activity